<?xml version="1.0" encoding="UTF-8"?>
<!-- Generated by org.testng.reporters.JUnitXMLReporter -->
<testsuite ignored="2" hostname="LAPTOP-ESD1NT2A" failures="0" tests="1" name="Android Moto X Force" time="33.036" errors="0" timestamp="26 Nov 2022 06:47:31 GMT">
  <testcase classname="com.qa.tests.LoginTests" name="invalidUserName" time="4.934"/>
  <testcase classname="com.qa.tests.LoginTests" name="invalidPassword" time="0.0">
    <ignored/>
  </testcase> <!-- invalidPassword -->
  <testcase classname="com.qa.tests.LoginTests" name="successfulLogin" time="0.0">
    <ignored/>
  </testcase> <!-- successfulLogin -->
</testsuite> <!-- Android Moto X Force -->
