<?xml version="1.0" encoding="UTF-8"?>
<!-- Generated by org.testng.reporters.JUnitXMLReporter -->
<testsuite ignored="2" hostname="LAPTOP-ESD1NT2A" failures="0" tests="1" name="Android OPPOA57" time="68.885" errors="0" timestamp="26 Nov 2022 06:48:07 GMT">
  <testcase classname="com.qa.tests.LoginTests" name="invalidUserName" time="33.924"/>
  <testcase classname="com.qa.tests.LoginTests" name="invalidPassword" time="0.0">
    <ignored/>
  </testcase> <!-- invalidPassword -->
  <testcase classname="com.qa.tests.LoginTests" name="successfulLogin" time="0.0">
    <ignored/>
  </testcase> <!-- successfulLogin -->
</testsuite> <!-- Android OPPOA57 -->
