<?xml version="1.0" encoding="UTF-8"?>
<!-- Generated by org.testng.reporters.JUnitXMLReporter -->
<testsuite hostname="LAPTOP-ESD1NT2A" ignored="4" name="Moto X Force" tests="5" failures="0" timestamp="2022-12-06T17:34:38 IST" time="71.706" errors="0">
  <testcase name="invalidPassword" time="4.685" classname="com.qa.tests.LoginTests"/>
  <testcase name="invalidUserName" time="3.248" classname="com.qa.tests.LoginTests"/>
  <testcase name="successfulLogin" time="5.197" classname="com.qa.tests.LoginTests"/>
  <testcase name="validateProductOnProductDetailsPage" time="8.086" classname="com.qa.tests.ProductTests"/>
  <testcase name="validateProductOnProductsPage" time="2.366" classname="com.qa.tests.ProductTests"/>
  <testcase name="@AfterTest afterTest" time="0.0" classname="com.qa.BaseTest">
    <ignored/>
  </testcase> <!-- @AfterTest afterTest -->
  <testcase name="@BeforeSuite beforeSuite" time="0.0" classname="com.qa.BaseTest">
    <ignored/>
  </testcase> <!-- @BeforeSuite beforeSuite -->
  <testcase name="@BeforeTest beforeTest" time="0.0" classname="com.qa.BaseTest">
    <ignored/>
  </testcase> <!-- @BeforeTest beforeTest -->
  <testcase name="@AfterSuite afterSuite" time="0.0" classname="com.qa.BaseTest">
    <ignored/>
  </testcase> <!-- @AfterSuite afterSuite -->
</testsuite> <!-- Moto X Force -->
